TN:
SF:src/modules/appointments/services/CreateAppointmentService.ts
FN:15,(anonymous_5)
FN:20,(anonymous_6)
FNF:2
FNH:2
FNDA:2,(anonymous_5)
FNDA:3,(anonymous_6)
DA:1,1
DA:2,1
DA:4,1
DA:14,1
DA:17,2
DA:21,3
DA:23,3
DA:27,3
DA:28,1
DA:31,2
DA:36,2
DA:40,1
LF:12
LH:12
BRDA:27,0,0,1
BRDA:27,0,1,2
BRF:2
BRH:2
end_of_record
TN:
SF:src/modules/users/services/AuthenticateUserSevice.ts
FN:23,(anonymous_5)
FN:31,(anonymous_6)
FNF:2
FNH:2
FNDA:3,(anonymous_5)
FNDA:3,(anonymous_6)
DA:1,1
DA:2,1
DA:4,1
DA:6,1
DA:22,1
DA:25,3
DA:28,3
DA:32,3
DA:34,3
DA:35,1
DA:37,2
DA:42,2
DA:43,1
DA:46,1
DA:51,1
DA:58,1
LF:16
LH:16
BRDA:34,0,0,1
BRDA:34,0,1,2
BRDA:42,1,0,1
BRDA:42,1,1,1
BRF:4
BRH:4
end_of_record
TN:
SF:src/modules/users/services/CreateUserService.ts
FN:18,(anonymous_5)
FN:26,(anonymous_6)
FNF:2
FNH:2
FNDA:4,(anonymous_5)
FNDA:5,(anonymous_6)
DA:1,2
DA:5,2
DA:17,2
DA:20,4
DA:23,4
DA:27,5
DA:29,5
DA:30,1
DA:33,4
DA:35,4
DA:40,4
DA:44,2
LF:12
LH:12
BRDA:29,0,0,1
BRDA:29,0,1,4
BRF:2
BRH:2
end_of_record
TN:
SF:src/modules/users/services/ResetPasswordService.ts
FN:18,(anonymous_5)
FN:26,(anonymous_6)
FNF:2
FNH:2
FNDA:1,(anonymous_5)
FNDA:1,(anonymous_6)
DA:1,1
DA:5,1
DA:17,1
DA:20,1
DA:23,1
DA:27,1
DA:29,1
DA:30,0
DA:33,1
DA:35,1
DA:36,0
DA:39,1
DA:41,1
DA:45,1
LF:14
LH:12
BRDA:29,0,0,0
BRDA:29,0,1,1
BRDA:35,1,0,0
BRDA:35,1,1,1
BRF:4
BRH:2
end_of_record
TN:
SF:src/modules/users/services/SendForgotPasswordEmailService.ts
FN:17,(anonymous_5)
FN:28,(anonymous_6)
FNF:2
FNH:2
FNDA:3,(anonymous_5)
FNDA:3,(anonymous_6)
DA:1,1
DA:5,1
DA:16,1
DA:19,3
DA:22,3
DA:25,3
DA:29,3
DA:31,3
DA:32,1
DA:35,2
DA:37,2
DA:41,1
LF:12
LH:12
BRDA:31,0,0,1
BRDA:31,0,1,2
BRF:2
BRH:2
end_of_record
TN:
SF:src/modules/users/services/UpdateUserAvatarService.ts
FN:18,(anonymous_5)
FN:26,(anonymous_6)
FNF:2
FNH:2
FNDA:3,(anonymous_5)
FNDA:4,(anonymous_6)
DA:3,1
DA:5,1
DA:17,1
DA:20,3
DA:23,3
DA:27,4
DA:29,4
DA:30,1
DA:33,3
DA:34,1
DA:37,3
DA:39,3
DA:41,3
DA:43,3
DA:47,1
LF:15
LH:15
BRDA:29,0,0,1
BRDA:29,0,1,3
BRDA:33,1,0,1
BRDA:33,1,1,2
BRF:4
BRH:4
end_of_record
